[INFO] Scanning for projects...
[INFO] 
[INFO] ------------------< edu.jhu.algos:DNASubsequenceLCS >-------------------
[INFO] Building DNASubsequenceLCS 1.0-SNAPSHOT
[INFO]   from pom.xml
[INFO] --------------------------------[ jar ]---------------------------------
[INFO] 
[INFO] --- exec:3.5.0:java (default-cli) @ DNASubsequenceLCS ---
 Benchmark complete. TXT written to: nsequences_benchmark.txt
 Generating plot...

==== Fitted Scaling Models ====
Dynamic Programming: T(N) ≈ 50663.7536 · N²
Brute Force        : T(N) ≈ 2089457.1429 · N²
================================

Graph saved to: nsequences_plot.png
[INFO] ------------------------------------------------------------------------
[INFO] BUILD SUCCESS
[INFO] ------------------------------------------------------------------------
[INFO] Total time:  2.256 s
[INFO] Finished at: 2025-04-13T20:06:47-04:00
[INFO] ------------------------------------------------------------------------
